<?xml version="1.0" encoding="utf-8" standalone="no"?>
<!--This file represents the results of running a test suite-->
<test-results name="C:\Dev\workspace-dotnet\AutomationII\AutomationII\bin\Debug\AutomationII.dll" total="2" errors="0" failures="0" not-run="0" inconclusive="0" ignored="0" skipped="0" invalid="0" date="2013-08-03" time="10:58:49">
  <environment nunit-version="2.6.2.12296" clr-version="2.0.50727.5472" os-version="Microsoft Windows NT 6.1.7601 Service Pack 1" platform="Win32NT" cwd="C:\Dev\NUnit-2.6.2\bin" machine-name="PC" user="Marcin" user-domain="PC" />
  <culture-info current-culture="pl-PL" current-uiculture="pl-PL" />
  <test-suite type="Assembly" name="C:\Dev\workspace-dotnet\AutomationII\AutomationII\bin\Debug\AutomationII.dll" executed="True" result="Success" success="True" time="0.629" asserts="0">
    <results>
      <test-suite type="Namespace" name="AutomationII" executed="True" result="Success" success="True" time="0.604" asserts="0">
        <results>
          <test-suite type="TestFixture" name="NBehaveEmbeddedRunner" executed="True" result="Success" success="True" time="0.600" asserts="0">
            <results>
              <test-case name="AutomationII.NBehaveEmbeddedRunner.run_hello_world_duplicate" executed="True" result="Success" success="True" time="0.558" asserts="0" />
              <test-case name="AutomationII.NBehaveEmbeddedRunner.run_hello_world_feature" executed="True" result="Success" success="True" time="0.017" asserts="0" />
            </results>
          </test-suite>
        </results>
      </test-suite>
    </results>
  </test-suite>
</test-results>